\BOOKMARK [0][-]{Doc-Start}{\376\377\004\022\004\022\004\025\004\024\004\025\004\035\004\030\004\025}{}% 1
\BOOKMARK [0][-]{chapter.1}{\376\377\004\020\004\075\004\060\004\073\004\070\004\102\004\070\004\107\004\065\004\101\004\072\004\060\004\117\000\040\004\107\004\060\004\101\004\102\004\114}{}% 2
\BOOKMARK [1][-]{section.1.1}{\376\377\004\044\004\076\004\100\004\074\004\060\004\073\004\070\004\067\004\060\004\106\004\070\004\117\000\040\004\067\004\060\004\064\004\060\004\107\004\070}{chapter.1}% 3
\BOOKMARK [1][-]{section.1.2}{\376\377\004\020\004\073\004\063\004\076\004\100\004\070\004\102\004\074\004\113\000\040\004\064\004\073\004\117\000\040\004\074\004\076\004\064\004\065\004\073\004\070\004\100\004\076\004\062\004\060\004\075\004\070\004\117\000\040\004\070\000\040\004\062\004\070\004\067\004\103\004\060\004\073\004\070\004\067\004\060\004\106\004\070\004\070\000\040\004\077\004\100\004\070\004\100\004\076\004\064\004\075\004\113\004\105\000\040\004\076\004\061\004\112\004\065\004\072\004\102\004\076\004\062}{chapter.1}% 4
\BOOKMARK [2][-]{subsection.1.2.1}{\376\377\004\037\004\076\004\073\004\070\004\063\004\076\004\075\004\060\004\073\004\114\004\075\004\076\004\065\000\040\0003\000D\000-\004\074\004\076\004\064\004\065\004\073\004\070\004\100\004\076\004\062\004\060\004\075\004\070\004\065}{section.1.2}% 5
\BOOKMARK [2][-]{subsection.1.2.2}{\376\377\004\034\004\065\004\102\004\076\004\064\004\113\000\040\004\100\004\065\004\075\004\064\004\065\004\100\004\070\004\075\004\063\004\060}{section.1.2}% 6
\BOOKMARK [2][-]{subsection.1.2.3}{\376\377\004\022\004\113\004\061\004\076\004\100\000\040\004\074\004\065\004\102\004\076\004\064\004\060\000\040\004\074\004\076\004\064\004\065\004\073\004\070\004\100\004\076\004\062\004\060\004\075\004\070\004\117}{section.1.2}% 7
\BOOKMARK [1][-]{section.1.3}{\376\377\004\034\004\076\004\064\004\065\004\073\004\070\000\040\004\076\004\101\004\062\004\065\004\111\004\065\004\075\004\070\004\117}{chapter.1}% 8
\BOOKMARK [2][-]{subsection.1.3.1}{\376\377\004\034\004\076\004\064\004\065\004\073\004\114\000\040\004\033\004\060\004\074\004\061\004\065\004\100\004\102\004\060}{section.1.3}% 9
\BOOKMARK [2][-]{subsection.1.3.2}{\376\377\004\034\004\076\004\064\004\065\004\073\004\114\000\040\004\044\004\076\004\075\004\063\004\060}{section.1.3}% 10
\BOOKMARK [2][-]{subsection.1.3.3}{\376\377\004\034\004\076\004\064\004\065\004\073\004\114\000\040\004\021\004\073\004\070\004\075\004\075\004\060\000-\004\044\004\076\004\075\004\063\004\060}{section.1.3}% 11
\BOOKMARK [2][-]{subsection.1.3.4}{\376\377\004\034\004\076\004\064\004\070\004\104\004\070\004\072\004\060\004\106\004\070\004\117\000\040\000W\000r\000a\000p\000-\000a\000r\000o\000u\000n\000d}{section.1.3}% 12
\BOOKMARK [2][-]{subsection.1.3.5}{\376\377\004\022\004\113\004\061\004\076\004\100\000\040\004\074\004\076\004\064\004\065\004\073\004\070}{section.1.3}% 13
\BOOKMARK [1][-]{section.1.4}{\376\377\004\020\004\073\004\063\004\076\004\100\004\070\004\102\004\074\004\113\000\040\004\103\004\064\004\060\004\073\004\065\004\075\004\070\004\117\000\040\004\075\004\065\004\062\004\070\004\064\004\070\004\074\004\113\004\105\000\040\004\100\004\121\004\061\004\065\004\100\000\040\004\070\000\040\004\077\004\076\004\062\004\065\004\100\004\105\004\075\004\076\004\101\004\102\004\065\004\071}{chapter.1}% 14
\BOOKMARK [2][-]{subsection.1.4.1}{\376\377\004\020\004\073\004\063\004\076\004\100\004\070\004\102\004\074\000\040\004\040\004\076\004\061\004\065\004\100\004\102\004\101\004\060}{section.1.4}% 15
\BOOKMARK [2][-]{subsection.1.4.2}{\376\377\004\020\004\073\004\063\004\076\004\100\004\070\004\102\004\074\000\040\004\020\004\077\004\077\004\065\004\073\004\117}{section.1.4}% 16
\BOOKMARK [2][-]{subsection.1.4.3}{\376\377\000Z\000-\004\061\004\103\004\104\004\065\004\100}{section.1.4}% 17
\BOOKMARK [2][-]{subsection.1.4.4}{\376\377\000B\000S\000P\000-\004\064\004\065\004\100\004\065\004\062\004\114\004\117}{section.1.4}% 18
\BOOKMARK [2][-]{subsection.1.4.5}{\376\377\004\030\004\065\004\100\004\060\004\100\004\105\004\070\004\107\004\065\004\101\004\072\004\070\004\071\000\040\000Z\000-\004\061\004\103\004\104\004\065\004\100}{section.1.4}% 19
\BOOKMARK [1][-]{section.1.5}{\376\377\004\041\004\072\004\065\004\073\004\065\004\102\004\075\004\060\004\117\000\040\004\020\004\075\004\070\004\074\004\060\004\106\004\070\004\117}{chapter.1}% 20
\BOOKMARK [2][-]{subsection.1.5.1}{\376\377\004\034\004\065\004\105\004\060\004\075\004\070\004\067\004\074\000\040\004\100\004\060\004\061\004\076\004\102\004\113\000\040\004\072\004\076\004\101\004\102\004\065\004\071}{section.1.5}% 21
\BOOKMARK [2][-]{subsection.1.5.2}{\376\377\004\022\004\070\004\067\004\103\004\060\004\073\004\070\004\067\004\060\004\106\004\070\004\117\000\040\004\062\004\065\004\102\004\100\004\060}{section.1.5}% 22
\BOOKMARK [2][-]{subsection.1.5.3}{\376\377\004\037\004\100\004\070\004\074\004\065\004\075\004\065\004\075\004\070\004\065\000\040\004\062\000\040\004\062\004\070\004\067\004\103\004\060\004\073\004\070\004\067\004\060\004\106\004\070\004\070\000\040\004\062\004\065\004\102\004\100\004\060}{section.1.5}% 23
\BOOKMARK [1][-]{section.1.6}{\376\377\004\036\004\077\004\070\004\101\004\060\004\075\004\070\004\065\000\040\004\074\004\076\004\064\004\065\004\073\004\070\000\040\004\077\004\076\004\064\004\101\004\076\004\073\004\075\004\103\004\105\004\060}{chapter.1}% 24
\BOOKMARK [0][-]{chapter.2}{\376\377\004\032\004\076\004\075\004\101\004\102\004\100\004\103\004\072\004\102\004\076\004\100\004\101\004\072\004\060\004\117\000\040\004\107\004\060\004\101\004\102\004\114}{}% 25
\BOOKMARK [1][-]{section.2.1}{\376\377\004\041\004\105\004\065\004\074\004\113\000\040\004\060\004\073\004\063\004\076\004\100\004\070\004\102\004\074\004\076\004\062}{chapter.2}% 26
\BOOKMARK [1][-]{section.2.2}{\376\377\004\022\004\113\004\062\004\076\004\064}{chapter.2}% 27
\BOOKMARK [0][-]{chapter.3}{\376\377\004\042\004\065\004\105\004\075\004\076\004\073\004\076\004\063\004\070\004\107\004\065\004\101\004\072\004\060\004\117\000\040\004\107\004\060\004\101\004\102\004\114}{}% 28
\BOOKMARK [1][-]{section.3.1}{\376\377\004\041\004\100\004\065\004\064\004\101\004\102\004\062\004\060\000\040\004\100\004\065\004\060\004\073\004\070\004\067\004\060\004\106\004\070\004\070}{chapter.3}% 29
\BOOKMARK [1][-]{section.3.2}{\376\377\004\037\004\100\004\076\004\063\004\100\004\060\004\074\004\074\004\075\004\113\004\071\000\040\004\070\004\075\004\102\004\065\004\100\004\104\004\065\004\071\004\101}{chapter.3}% 30
\BOOKMARK [2][-]{subsection.3.2.1}{\376\377\004\040\004\065\004\060\004\073\004\070\004\067\004\060\004\106\004\070\004\117\000\040\004\060\004\073\004\063\004\076\004\100\004\070\004\102\004\074\004\076\004\062}{section.3.2}% 31
\BOOKMARK [0][-]{chapter.4}{\376\377\004\030\004\101\004\101\004\073\004\065\004\064\004\076\004\062\004\060\004\102\004\065\004\073\004\114\004\101\004\072\004\060\004\117\000\040\004\107\004\060\004\101\004\102\004\114}{}% 32
\BOOKMARK [1][-]{section.4.1}{\376\377\004\020\004\075\004\060\004\073\004\070\004\067\000\040\004\062\004\100\004\065\004\074\004\065\004\075\004\070\000\040\004\067\004\060\004\063\004\100\004\103\004\067\004\072\004\070\000\040\004\101\004\106\004\065\004\075\004\113\000\040\004\062\000\040\004\067\004\060\004\062\004\070\004\101\004\070\004\074\004\076\004\101\004\102\004\070\000\040\004\076\004\102\000\040\004\072\004\076\004\073\004\070\004\107\004\065\004\101\004\102\004\062\004\060\000\040\004\077\004\076\004\064\004\101\004\076\004\073\004\075\004\103\004\105\004\076\004\062}{chapter.4}% 33
\BOOKMARK [2][-]{subsection.4.1.1}{\376\377\004\036\004\061\004\111\004\060\004\117\000\040\004\102\004\065\004\075\004\064\004\065\004\075\004\106\004\070\004\117}{section.4.1}% 34
\BOOKMARK [2][-]{subsection.4.1.2}{\376\377\004\033\004\076\004\072\004\060\004\073\004\114\004\075\004\113\004\065\000\040\004\072\004\076\004\073\004\065\004\061\004\060\004\075\004\070\004\117}{section.4.1}% 35
\BOOKMARK [2][-]{subsection.4.1.3}{\376\377\004\022\004\113\004\062\004\076\004\064}{section.4.1}% 36
\BOOKMARK [1][-]{section.4.2}{\376\377\004\020\004\075\004\060\004\073\004\070\004\067\000\040\004\062\004\100\004\065\004\074\004\065\004\075\004\070\000\040\004\067\004\060\004\063\004\100\004\103\004\067\004\072\004\070\000\040\004\101\004\106\004\065\004\075\004\113\000\040\004\062\000\040\004\067\004\060\004\062\004\070\004\101\004\070\004\074\004\076\004\101\004\102\004\070\000\040\004\076\004\102\000\040\004\100\004\060\004\067\004\074\004\065\004\100\004\076\004\062\000\040\004\101\004\106\004\065\004\075\004\113}{chapter.4}% 37
\BOOKMARK [2][-]{subsection.4.2.1}{\376\377\004\036\004\061\004\111\004\060\004\117\000\040\004\102\004\065\004\075\004\064\004\065\004\075\004\106\004\070\004\117}{section.4.2}% 38
\BOOKMARK [2][-]{subsection.4.2.2}{\376\377\004\027\004\060\004\062\004\070\004\101\004\070\004\074\004\076\004\101\004\102\004\114\000\040\004\076\004\102\000\040\004\110\004\070\004\100\004\070\004\075\004\113\000\040\004\070\000\040\004\064\004\073\004\070\004\075\004\113}{section.4.2}% 39
\BOOKMARK [2][-]{subsection.4.2.3}{\376\377\004\020\004\075\004\076\004\074\004\060\004\073\004\114\004\075\004\113\004\065\000\040\004\067\004\075\004\060\004\107\004\065\004\075\004\070\004\117}{section.4.2}% 40
\BOOKMARK [2][-]{subsection.4.2.4}{\376\377\004\041\004\102\004\060\004\061\004\070\004\073\004\114\004\075\004\076\004\101\004\102\004\114\000\040\004\062\004\100\004\065\004\074\004\065\004\075\004\070\000\040\004\067\004\060\004\063\004\100\004\103\004\067\004\072\004\070}{section.4.2}% 41
\BOOKMARK [2][-]{subsection.4.2.5}{\376\377\004\022\004\113\004\062\004\076\004\064}{section.4.2}% 42
\BOOKMARK [1][-]{section.4.3}{\376\377\004\020\004\075\004\060\004\073\004\070\004\067\000\040\004\067\004\060\004\063\004\100\004\103\004\066\004\065\004\075\004\075\004\076\004\101\004\102\004\114\004\070\000\040\004\077\004\100\004\076\004\106\004\065\004\101\004\101\004\076\004\100\004\060\000\040\004\062\000\040\004\067\004\060\004\062\004\070\004\101\004\070\004\074\004\076\004\101\004\102\004\070\000\040\004\076\004\102\000\040\004\072\004\076\004\073\004\070\004\107\004\065\004\101\004\102\004\062\004\060\000\040\004\077\004\076\004\064\004\101\004\076\004\073\004\075\004\103\004\105\004\076\004\062}{chapter.4}% 43
\BOOKMARK [2][-]{subsection.4.3.1}{\376\377\004\036\004\061\004\111\004\060\004\117\000\040\004\102\004\065\004\075\004\064\004\065\004\075\004\106\004\070\004\117}{section.4.3}% 44
\BOOKMARK [2][-]{subsection.4.3.2}{\376\377\004\033\004\076\004\072\004\060\004\073\004\114\004\075\004\113\004\065\000\040\004\072\004\076\004\073\004\065\004\061\004\060\004\075\004\070\004\117}{section.4.3}% 45
\BOOKMARK [2][-]{subsection.4.3.3}{\376\377\004\041\004\102\004\060\004\061\004\070\004\073\004\114\004\075\004\076\004\101\004\102\004\114\000\040\004\067\004\060\004\063\004\100\004\103\004\066\004\065\004\075\004\075\004\076\004\101\004\102\004\070\000\040\004\077\004\100\004\076\004\106\004\065\004\101\004\101\004\076\004\100\004\060}{section.4.3}% 46
\BOOKMARK [2][-]{subsection.4.3.4}{\376\377\004\022\004\113\004\062\004\076\004\064}{section.4.3}% 47
\BOOKMARK [1][-]{section.4.4}{\376\377\004\022\004\113\004\062\004\076\004\064}{chapter.4}% 48
\BOOKMARK [0][-]{section.4.4}{\376\377\004\027\004\020\004\032\004\033\004\056\004\047\004\025\004\035\004\030\004\025}{}% 49
\BOOKMARK [0][-]{Item.21}{\376\377\004\041\004\037\004\030\004\041\004\036\004\032\000\040\004\030\004\041\004\037\004\036\004\033\004\054\004\027\004\036\004\022\004\020\004\035\004\035\004\053\004\045\000\040\004\030\004\041\004\042\004\036\004\047\004\035\004\030\004\032\004\036\004\022}{}% 50
